0 verbose cli [ '/usr/local/bin/node', '/usr/local/bin/npm', 'run', 'dev' ]
1 info using npm@8.5.5
2 info using node@v16.15.0
3 timing npm:load:whichnode Completed in 0ms
4 timing config:load:defaults Completed in 2ms
5 timing config:load:file:/usr/local/lib/node_modules/npm/npmrc Completed in 1ms
6 timing config:load:builtin Completed in 2ms
7 timing config:load:cli Completed in 2ms
8 timing config:load:env Completed in 0ms
9 timing config:load:project Completed in 22ms
10 timing config:load:file:/home/node/.npmrc Completed in 4ms
11 timing config:load:user Completed in 4ms
12 timing config:load:file:/home/node/.npm-global/etc/npmrc Completed in 1ms
13 timing config:load:global Completed in 2ms
14 timing config:load:validate Completed in 1ms
15 timing config:load:credentials Completed in 1ms
16 timing config:load:setEnvs Completed in 2ms
17 timing config:load Completed in 41ms
18 timing npm:load:configload Completed in 41ms
19 timing npm:load:setTitle Completed in 1ms
20 timing config:load:flatten Completed in 3ms
21 timing npm:load:display Completed in 5ms
22 verbose logfile /home/node/.npm/_logs/2022-05-22T22_13_39_607Z-debug-0.log
23 timing npm:load:logFile Completed in 35ms
24 timing npm:load:timers Completed in 1ms
25 timing npm:load:configScope Completed in 0ms
26 timing npm:load Completed in 86ms
27 timing command:run Completed in 89ms
28 verbose exit 127
29 timing npm Completed in 416ms
30 verbose code 127
